[23:31:56] [log] /Users/dariomac 
[23:31:56] [log] FullyPlayed:  
[23:31:56] [log] >>>>>>>>>>>>>>>>>>>>>>>>>>>>>>> 
[23:31:56] [log] Next:  
[23:31:56] [log] Playing:  
[23:31:56] [log] >>>>>>>>>>>>>>>>>>>>>>>>>>>>>>> 
[23:31:56] [log] Playing:  
[23:31:56] [log] Next:  
[23:31:56] [log] FullyPlayed:  
[23:31:56] [log] >>>>>>>>>>>>>>>>>>>>>>>>>>>>>>> 
[23:31:56] [log] Playing:  
[23:31:56] [log] Next:  
[23:31:56] [log] FullyPlayed:  
[23:31:56] [log] >>>>>>>>>>>>>>>>>>>>>>>>>>>>>>> 
[23:31:56] [log] Playing:  
[23:31:56] [log] Next:  
[23:31:56] [log] FullyPlayed:  
[23:31:56] [log] <<<<<<<<<<<<<<<<<<<<<<<<<<<<<<<<<<<<<<<<<<<<<<<<<<<<<<<<<<<<<<<<<<<< 
[23:31:56] [log] Playing: /Users/dariomac/Downloads/mp3/test/Soen/2021 - Imperial/01 - Lumerian.mp3 
[23:31:56] [log] Next: /Users/dariomac/Downloads/mp3/test/Soen 
[23:31:56] [log] FullyPlayed: [
  "/^\\/Users\\/dariomac\\/Downloads\\/mp3\\/test\\/Soen\\/2021 \\x2d Imperial\\/01 \\x2d Lumerian\\.mp3$/"
] 
[23:31:56] [log] <<<<<<<<<<<<<<<<<<<<<<<<<<<<<<<<<<<<<<<<<<<<<<<<<<<<<<<<<<<<<<<<<<<< 
[23:31:56] [log] Next: /Users/dariomac/Downloads/mp3/test/Soen 
[23:31:56] [log] Playing: /Users/dariomac/Downloads/mp3/test/Soen/2021 - Imperial/01 - Lumerian.mp3 
[23:31:56] [log] FullyPlayed: [
  "/^\\/Users\\/dariomac\\/Downloads\\/mp3\\/test\\/Soen\\/2021 \\x2d Imperial\\/01 \\x2d Lumerian\\.mp3$/"
] 
[23:31:56] [log] <<<<<<<<<<<<<<<<<<<<<<<<<<<<<<<<<<<<<<<<<<<<<<<<<<<<<<<<<<<<<<<<<<<< 
[23:31:56] [log] Playing: /Users/dariomac/Downloads/mp3/test/Soen/2021 - Imperial/01 - Lumerian.mp3 
[23:31:56] [log] Next: /Users/dariomac/Downloads/mp3/test/Soen 
[23:31:56] [log] FullyPlayed: [
  "/^\\/Users\\/dariomac\\/Downloads\\/mp3\\/test\\/Soen\\/2021 \\x2d Imperial\\/01 \\x2d Lumerian\\.mp3$/"
] 
